\BOOKMARK [1][-]{section.1}{\376\377\000L\000i\000n\000u\000x}{}% 1
\BOOKMARK [2][-]{subsection.1.1}{\376\377\0003\0000\000\040\000M\000i\000n\000u\000t\000e\000\040\000P\000l\000a\000n}{section.1}% 2
\BOOKMARK [2][-]{subsection.1.2}{\376\377\000M\000o\000n\000i\000t\000o\000r\000i\000n\000g}{section.1}% 3
\BOOKMARK [2][-]{subsection.1.3}{\376\377\000S\000y\000s\000t\000e\000m\000\040\000U\000t\000i\000l\000i\000t\000i\000e\000s}{section.1}% 4
\BOOKMARK [2][-]{subsection.1.4}{\376\377\000H\000u\000n\000t\000i\000n\000g}{section.1}% 5
\BOOKMARK [2][-]{subsection.1.5}{\376\377\000H\000a\000r\000d\000e\000n\000i\000n\000g}{section.1}% 6
\BOOKMARK [1][-]{section.2}{\376\377\000W\000i\000n\000d\000o\000w\000s}{}% 7
\BOOKMARK [2][-]{subsection.2.1}{\376\377\0003\0000\000\040\000M\000i\000n\000u\000t\000e\000\040\000P\000l\000a\000n}{section.2}% 8
\BOOKMARK [2][-]{subsection.2.2}{\376\377\000H\000a\000r\000d\000e\000n\000i\000n\000g}{section.2}% 9
\BOOKMARK [2][-]{subsection.2.3}{\376\377\000M\000o\000n\000i\000t\000o\000r\000i\000n\000g}{section.2}% 10
\BOOKMARK [2][-]{subsection.2.4}{\376\377\000R\000e\000s\000p\000o\000n\000s\000e}{section.2}% 11
\BOOKMARK [2][-]{subsection.2.5}{\376\377\000H\000u\000n\000t\000i\000n\000g}{section.2}% 12
\BOOKMARK [2][-]{subsection.2.6}{\376\377\000C\000o\000n\000s\000i\000d\000e\000r\000a\000t\000i\000o\000n\000s\000\040\000f\000o\000r\000\040\000A\000c\000t\000i\000v\000e\000\040\000D\000i\000r\000e\000c\000t\000o\000r\000y}{section.2}% 13
\BOOKMARK [2][-]{subsection.2.7}{\376\377\000I\000n\000s\000t\000a\000l\000l\000i\000n\000g\000\040\000t\000h\000e\000\040\000E\000L\000K\000\040\000S\000t\000a\000c\000k}{section.2}% 14
\BOOKMARK [2][-]{subsection.2.8}{\376\377\000C\000o\000n\000f\000i\000g\000u\000r\000i\000n\000g\000\040\000W\000i\000n\000l\000o\000g\000b\000e\000a\000t}{section.2}% 15
\BOOKMARK [1][-]{section.3}{\376\377\000S\000e\000r\000v\000i\000c\000e\000\040\000C\000o\000n\000f\000i\000g\000u\000r\000a\000t\000i\000o\000n}{}% 16
\BOOKMARK [2][-]{subsection.3.1}{\376\377\000M\000y\000S\000Q\000L}{section.3}% 17
\BOOKMARK [2][-]{subsection.3.2}{\376\377\000F\000T\000P}{section.3}% 18
\BOOKMARK [2][-]{subsection.3.3}{\376\377\000S\000S\000H}{section.3}% 19
\BOOKMARK [2][-]{subsection.3.4}{\376\377\000W\000e\000b\000\040\000S\000e\000r\000v\000e\000r\000s}{section.3}% 20
